This is pdfTeX, Version 3.14159265-2.6-1.40.16 (TeX Live 2015/Debian) (preloaded format=pdflatex 2016.6.19)  27 JUN 2017 14:50
entering extended mode
 restricted \write18 enabled.
 %&-line parsing enabled.
**ba.tex
(./ba.tex
LaTeX2e <2016/02/01>
Babel <3.9q> and hyphenation patterns for 10 language(s) loaded.
(./titelmakros.tex (/usr/share/texlive/texmf-dist/tex/latex/base/article.cls
Document Class: article 2014/09/29 v1.4h Standard LaTeX document class
(/usr/share/texlive/texmf-dist/tex/latex/base/size11.clo
File: size11.clo 2014/09/29 v1.4h Standard LaTeX file (size option)
)
\c@part=\count79
\c@section=\count80
\c@subsection=\count81
\c@subsubsection=\count82
\c@paragraph=\count83
\c@subparagraph=\count84
\c@figure=\count85
\c@table=\count86
\abovecaptionskip=\skip41
\belowcaptionskip=\skip42
\bibindent=\dimen102
)
(/usr/share/texlive/texmf-dist/tex/latex/base/inputenc.sty
Package: inputenc 2015/03/17 v1.2c Input encoding file
\inpenc@prehook=\toks14
\inpenc@posthook=\toks15

(/usr/share/texlive/texmf-dist/tex/latex/ucs/utf8x.def
File: utf8x.def 2004/10/17 UCS: Input encoding UTF-8
))
(/usr/share/texlive/texmf-dist/tex/latex/ucs/ucs.sty
Package: ucs 2013/05/11 v2.2 UCS: Unicode input support

(/usr/share/texlive/texmf-dist/tex/latex/ucs/data/uni-global.def
File: uni-global.def 2013/05/13 UCS: Unicode global data
)
\uc@secondtry=\count87
\uc@combtoks=\toks16
\uc@combtoksb=\toks17
\uc@temptokena=\toks18
)
(/usr/share/texlive/texmf-dist/tex/latex/psnfss/palatino.sty
Package: palatino 2005/04/12 PSNFSS-v9.2a (SPQR) 
)
(/usr/share/texlive/texmf-dist/tex/latex/tocbibind/tocbibind.sty
Package: tocbibind 2010/10/13 v1.5k extra ToC listings
Package tocbibind Info: The document has section divisions on input line 50.


Package tocbibind Note: Using section or other style headings.

) (/usr/share/texlive/texmf-dist/tex/latex/base/fontenc.sty
Package: fontenc 2005/09/27 v1.99g Standard LaTeX package

(/usr/share/texlive/texmf-dist/tex/latex/base/t1enc.def
File: t1enc.def 2005/09/27 v1.99g Standard LaTeX file
LaTeX Font Info:    Redeclaring font encoding T1 on input line 48.
))
(/usr/share/texlive/texmf-dist/tex/latex/fancybox/fancybox.sty
Package: fancybox 2010/05/15 1.4

Style option: `fancybox' v1.4 <2010/05/15> (tvz)
\@fancybox=\box26
\shadowsize=\dimen103
\@Sbox=\box27
\do@VerbBox=\toks19
\the@fancyput=\toks20
\this@fancyput=\toks21
\EndVerbatimTokens=\toks22
\Verbatim@Outfile=\write3
\Verbatim@Infile=\read1
) (/usr/share/texlive/texmf-dist/tex/latex/base/shortvrb.sty
Package: shortvrb 2014/09/29 v2.1e Standard LaTeX documentation package (FMi)
)
(/usr/share/texlive/texmf-dist/tex/latex/base/ifthen.sty
Package: ifthen 2014/09/29 v1.1c Standard LaTeX ifthen package (DPC)
)
(/usr/share/texlive/texmf-dist/tex/generic/babel/babel.sty
Package: babel 2016/02/24 3.9q The Babel package

(/usr/share/texlive/texmf-dist/tex/generic/babel-german/ngerman.ldf
Language: ngerman 2013/12/13 v2.7 German support for babel (new orthography)

(/usr/share/texlive/texmf-dist/tex/generic/babel-german/ngermanb.ldf
Language: ngermanb 2013/12/13 v2.7 German support for babel (new orthography)

(/usr/share/texlive/texmf-dist/tex/generic/babel/babel.def
File: babel.def 2016/02/24 3.9q Babel common definitions
\babel@savecnt=\count88
\U@D=\dimen104
)
\l@naustrian = a dialect from \language\l@ngerman 
\l@nswissgerman = a dialect from \language\l@ngerman 
Package babel Info: Making " an active character on input line 88.
)))
(/usr/share/texlive/texmf-dist/tex/latex/a4wide/a4wide.sty
Package: a4wide 1994/08/30

(/usr/share/texlive/texmf-dist/tex/latex/ntgclass/a4.sty
Package: a4 2004/04/15 v1.2g A4 based page layout
))
(/usr/share/texlive/texmf-dist/tex/latex/graphics/graphicx.sty
Package: graphicx 2014/10/28 v1.0g Enhanced LaTeX Graphics (DPC,SPQR)

(/usr/share/texlive/texmf-dist/tex/latex/graphics/keyval.sty
Package: keyval 2014/10/28 v1.15 key=value parser (DPC)
\KV@toks@=\toks23
)
(/usr/share/texlive/texmf-dist/tex/latex/graphics/graphics.sty
Package: graphics 2016/01/03 v1.0q Standard LaTeX Graphics (DPC,SPQR)

(/usr/share/texlive/texmf-dist/tex/latex/graphics/trig.sty
Package: trig 2016/01/03 v1.10 sin cos tan (DPC)
)
(/usr/share/texlive/texmf-dist/tex/latex/latexconfig/graphics.cfg
File: graphics.cfg 2010/04/23 v1.9 graphics configuration of TeX Live
)
Package graphics Info: Driver file: pdftex.def on input line 95.

(/usr/share/texlive/texmf-dist/tex/latex/pdftex-def/pdftex.def
File: pdftex.def 2011/05/27 v0.06d Graphics/color for pdfTeX

(/usr/share/texlive/texmf-dist/tex/generic/oberdiek/infwarerr.sty
Package: infwarerr 2010/04/08 v1.3 Providing info/warning/error messages (HO)
)
(/usr/share/texlive/texmf-dist/tex/generic/oberdiek/ltxcmds.sty
Package: ltxcmds 2011/11/09 v1.22 LaTeX kernel commands for general use (HO)
)
\Gread@gobject=\count89
))
\Gin@req@height=\dimen105
\Gin@req@width=\dimen106
)
(/usr/share/texlive/texmf-dist/tex/latex/hyperref/hyperref.sty
Package: hyperref 2012/11/06 v6.83m Hypertext links for LaTeX

(/usr/share/texlive/texmf-dist/tex/generic/oberdiek/hobsub-hyperref.sty
Package: hobsub-hyperref 2012/05/28 v1.13 Bundle oberdiek, subset hyperref (HO)


(/usr/share/texlive/texmf-dist/tex/generic/oberdiek/hobsub-generic.sty
Package: hobsub-generic 2012/05/28 v1.13 Bundle oberdiek, subset generic (HO)
Package: hobsub 2012/05/28 v1.13 Construct package bundles (HO)
Package hobsub Info: Skipping package `infwarerr' (already loaded).
Package hobsub Info: Skipping package `ltxcmds' (already loaded).
Package: ifluatex 2010/03/01 v1.3 Provides the ifluatex switch (HO)
Package ifluatex Info: LuaTeX not detected.
Package: ifvtex 2010/03/01 v1.5 Detect VTeX and its facilities (HO)
Package ifvtex Info: VTeX not detected.
Package: intcalc 2007/09/27 v1.1 Expandable calculations with integers (HO)
Package: ifpdf 2011/01/30 v2.3 Provides the ifpdf switch (HO)
Package ifpdf Info: pdfTeX in PDF mode is detected.
Package: etexcmds 2011/02/16 v1.5 Avoid name clashes with e-TeX commands (HO)
Package etexcmds Info: Could not find \expanded.
(etexcmds)             That can mean that you are not using pdfTeX 1.50 or
(etexcmds)             that some package has redefined \expanded.
(etexcmds)             In the latter case, load this package earlier.
Package: kvsetkeys 2012/04/25 v1.16 Key value parser (HO)
Package: kvdefinekeys 2011/04/07 v1.3 Define keys (HO)
Package: pdftexcmds 2011/11/29 v0.20 Utility functions of pdfTeX for LuaTeX (HO
)
Package pdftexcmds Info: LuaTeX not detected.
Package pdftexcmds Info: \pdf@primitive is available.
Package pdftexcmds Info: \pdf@ifprimitive is available.
Package pdftexcmds Info: \pdfdraftmode found.
Package: pdfescape 2011/11/25 v1.13 Implements pdfTeX's escape features (HO)
Package: bigintcalc 2012/04/08 v1.3 Expandable calculations on big integers (HO
)
Package: bitset 2011/01/30 v1.1 Handle bit-vector datatype (HO)
Package: uniquecounter 2011/01/30 v1.2 Provide unlimited unique counter (HO)
)
Package hobsub Info: Skipping package `hobsub' (already loaded).
Package: letltxmacro 2010/09/02 v1.4 Let assignment for LaTeX macros (HO)
Package: hopatch 2012/05/28 v1.2 Wrapper for package hooks (HO)
Package: xcolor-patch 2011/01/30 xcolor patch
Package: atveryend 2011/06/30 v1.8 Hooks at the very end of document (HO)
Package atveryend Info: \enddocument detected (standard20110627).
Package: atbegshi 2011/10/05 v1.16 At begin shipout hook (HO)
Package: refcount 2011/10/16 v3.4 Data extraction from label references (HO)
Package: hycolor 2011/01/30 v1.7 Color options for hyperref/bookmark (HO)
)
(/usr/share/texlive/texmf-dist/tex/generic/ifxetex/ifxetex.sty
Package: ifxetex 2010/09/12 v0.6 Provides ifxetex conditional
)
(/usr/share/texlive/texmf-dist/tex/latex/oberdiek/auxhook.sty
Package: auxhook 2011/03/04 v1.3 Hooks for auxiliary files (HO)
)
(/usr/share/texlive/texmf-dist/tex/latex/oberdiek/kvoptions.sty
Package: kvoptions 2011/06/30 v3.11 Key value format for package options (HO)
)
\@linkdim=\dimen107
\Hy@linkcounter=\count90
\Hy@pagecounter=\count91

(/usr/share/texlive/texmf-dist/tex/latex/hyperref/pd1enc.def
File: pd1enc.def 2012/11/06 v6.83m Hyperref: PDFDocEncoding definition (HO)
)
\Hy@SavedSpaceFactor=\count92

(/usr/share/texlive/texmf-dist/tex/latex/latexconfig/hyperref.cfg
File: hyperref.cfg 2002/06/06 v1.2 hyperref configuration of TeXLive
)
Package hyperref Info: Hyper figures OFF on input line 4443.
Package hyperref Info: Link nesting OFF on input line 4448.
Package hyperref Info: Hyper index ON on input line 4451.
Package hyperref Info: Plain pages OFF on input line 4458.
Package hyperref Info: Backreferencing OFF on input line 4463.
Package hyperref Info: Implicit mode ON; LaTeX internals redefined.
Package hyperref Info: Bookmarks ON on input line 4688.
\c@Hy@tempcnt=\count93

(/usr/share/texlive/texmf-dist/tex/latex/url/url.sty
\Urlmuskip=\muskip10
Package: url 2013/09/16  ver 3.4  Verb mode for urls, etc.
)
LaTeX Info: Redefining \url on input line 5041.
\XeTeXLinkMargin=\dimen108
\Fld@menulength=\count94
\Field@Width=\dimen109
\Fld@charsize=\dimen110
Package hyperref Info: Hyper figures OFF on input line 6295.
Package hyperref Info: Link nesting OFF on input line 6300.
Package hyperref Info: Hyper index ON on input line 6303.
Package hyperref Info: backreferencing OFF on input line 6310.
Package hyperref Info: Link coloring OFF on input line 6315.
Package hyperref Info: Link coloring with OCG OFF on input line 6320.
Package hyperref Info: PDF/A mode OFF on input line 6325.
LaTeX Info: Redefining \ref on input line 6365.
LaTeX Info: Redefining \pageref on input line 6369.
\Hy@abspage=\count95
\c@Item=\count96
\c@Hfootnote=\count97
)

Package hyperref Message: Driver (autodetected): hpdftex.

(/usr/share/texlive/texmf-dist/tex/latex/hyperref/hpdftex.def
File: hpdftex.def 2012/11/06 v6.83m Hyperref driver for pdfTeX
\Fld@listcount=\count98
\c@bookmark@seq@number=\count99

(/usr/share/texlive/texmf-dist/tex/latex/oberdiek/rerunfilecheck.sty
Package: rerunfilecheck 2011/04/15 v1.7 Rerun checks for auxiliary files (HO)
Package uniquecounter Info: New unique counter `rerunfilecheck' on input line 2
82.
)
\Hy@SectionHShift=\skip43
)
(/usr/share/texlive/texmf-dist/tex/latex/caption/subcaption.sty
Package: subcaption 2016/02/20 v1.1-142 Sub-captions (AR)

(/usr/share/texlive/texmf-dist/tex/latex/caption/caption.sty
Package: caption 2016/02/21 v3.3-144 Customizing captions (AR)

(/usr/share/texlive/texmf-dist/tex/latex/caption/caption3.sty
Package: caption3 2016/02/04 v1.7-139 caption3 kernel (AR)
Package caption3 Info: TeX engine: e-TeX on input line 67.
\captionmargin=\dimen111
\captionmargin@=\dimen112
\captionwidth=\dimen113
\caption@tempdima=\dimen114
\caption@indent=\dimen115
\caption@parindent=\dimen116
\caption@hangindent=\dimen117
)
\c@ContinuedFloat=\count100
Package caption Info: hyperref package is loaded.
)
\c@subfigure=\count101
\c@subtable=\count102
)
(/usr/share/texlive/texmf-dist/tex/latex/booktabs/booktabs.sty
Package: booktabs 2005/04/14 v1.61803 publication quality tables
\heavyrulewidth=\dimen118
\lightrulewidth=\dimen119
\cmidrulewidth=\dimen120
\belowrulesep=\dimen121
\belowbottomsep=\dimen122
\aboverulesep=\dimen123
\abovetopsep=\dimen124
\cmidrulesep=\dimen125
\cmidrulekern=\dimen126
\defaultaddspace=\dimen127
\@cmidla=\count103
\@cmidlb=\count104
\@aboverulesep=\dimen128
\@belowrulesep=\dimen129
\@thisruleclass=\count105
\@lastruleclass=\count106
\@thisrulewidth=\dimen130
)
(/usr/share/texlive/texmf-dist/tex/latex/amsmath/amsmath.sty
Package: amsmath 2016/03/03 v2.15a AMS math features
\@mathmargin=\skip44

For additional information on amsmath, use the `?' option.
(/usr/share/texlive/texmf-dist/tex/latex/amsmath/amstext.sty
Package: amstext 2000/06/29 v2.01 AMS text

(/usr/share/texlive/texmf-dist/tex/latex/amsmath/amsgen.sty
File: amsgen.sty 1999/11/30 v2.0 generic functions
\@emptytoks=\toks24
\ex@=\dimen131
))
(/usr/share/texlive/texmf-dist/tex/latex/amsmath/amsbsy.sty
Package: amsbsy 1999/11/29 v1.2d Bold Symbols
\pmbraise@=\dimen132
)
(/usr/share/texlive/texmf-dist/tex/latex/amsmath/amsopn.sty
Package: amsopn 1999/12/14 v2.01 operator names
)
\inf@bad=\count107
LaTeX Info: Redefining \frac on input line 199.
\uproot@=\count108
\leftroot@=\count109
LaTeX Info: Redefining \overline on input line 297.
\classnum@=\count110
\DOTSCASE@=\count111
LaTeX Info: Redefining \ldots on input line 394.
LaTeX Info: Redefining \dots on input line 397.
LaTeX Info: Redefining \cdots on input line 518.
\Mathstrutbox@=\box28
\strutbox@=\box29
\big@size=\dimen133
LaTeX Font Info:    Redeclaring font encoding OML on input line 630.
LaTeX Font Info:    Redeclaring font encoding OMS on input line 631.
\macc@depth=\count112
\c@MaxMatrixCols=\count113
\dotsspace@=\muskip11
\c@parentequation=\count114
\dspbrk@lvl=\count115
\tag@help=\toks25
\row@=\count116
\column@=\count117
\maxfields@=\count118
\andhelp@=\toks26
\eqnshift@=\dimen134
\alignsep@=\dimen135
\tagshift@=\dimen136
\tagwidth@=\dimen137
\totwidth@=\dimen138
\lineht@=\dimen139
\@envbody=\toks27
\multlinegap=\skip45
\multlinetaggap=\skip46
\mathdisplay@stack=\toks28
LaTeX Info: Redefining \[ on input line 2735.
LaTeX Info: Redefining \] on input line 2736.
)
(/usr/share/texlive/texmf-dist/tex/latex/amsfonts/amssymb.sty
Package: amssymb 2013/01/14 v3.01 AMS font symbols

(/usr/share/texlive/texmf-dist/tex/latex/amsfonts/amsfonts.sty
Package: amsfonts 2013/01/14 v3.01 Basic AMSFonts support
\symAMSa=\mathgroup4
\symAMSb=\mathgroup5
LaTeX Font Info:    Overwriting math alphabet `\mathfrak' in version `bold'
(Font)                  U/euf/m/n --> U/euf/b/n on input line 106.
)) (./ba.aux
(./sift.aux) (./surf.aux) (./orb.aux)

LaTeX Warning: Label `fig:sfig2' multiply defined.


LaTeX Warning: Label `sub@fig:sfig2' multiply defined.

(./kartenFinden.aux))
\openout1 = `ba.aux'.

LaTeX Font Info:    Checking defaults for OML/cmm/m/it on input line 75.
LaTeX Font Info:    ... okay on input line 75.
LaTeX Font Info:    Checking defaults for T1/cmr/m/n on input line 75.
LaTeX Font Info:    ... okay on input line 75.
LaTeX Font Info:    Checking defaults for OT1/cmr/m/n on input line 75.
LaTeX Font Info:    ... okay on input line 75.
LaTeX Font Info:    Checking defaults for OMS/cmsy/m/n on input line 75.
LaTeX Font Info:    ... okay on input line 75.
LaTeX Font Info:    Checking defaults for OMX/cmex/m/n on input line 75.
LaTeX Font Info:    ... okay on input line 75.
LaTeX Font Info:    Checking defaults for U/cmr/m/n on input line 75.
LaTeX Font Info:    ... okay on input line 75.
LaTeX Font Info:    Checking defaults for PD1/pdf/m/n on input line 75.
LaTeX Font Info:    ... okay on input line 75.
LaTeX Font Info:    Try loading font information for T1+ppl on input line 75.
 (/usr/share/texlive/texmf-dist/tex/latex/psnfss/t1ppl.fd
File: t1ppl.fd 2001/06/04 font definitions for T1/ppl.
) (/usr/share/texlive/texmf-dist/tex/latex/ucs/ucsencs.def
File: ucsencs.def 2011/01/21 Fixes to fontencodings LGR, T3
)
(/usr/share/texlive/texmf-dist/tex/context/base/supp-pdf.mkii
[Loading MPS to PDF converter (version 2006.09.02).]
\scratchcounter=\count119
\scratchdimen=\dimen140
\scratchbox=\box30
\nofMPsegments=\count120
\nofMParguments=\count121
\everyMPshowfont=\toks29
\MPscratchCnt=\count122
\MPscratchDim=\dimen141
\MPnumerator=\count123
\makeMPintoPDFobject=\count124
\everyMPtoPDFconversion=\toks30
) (/usr/share/texlive/texmf-dist/tex/latex/oberdiek/epstopdf-base.sty
Package: epstopdf-base 2010/02/09 v2.5 Base part for package epstopdf

(/usr/share/texlive/texmf-dist/tex/latex/oberdiek/grfext.sty
Package: grfext 2010/08/19 v1.1 Manage graphics extensions (HO)
)
Package grfext Info: Graphics extension search list:
(grfext)             [.png,.pdf,.jpg,.mps,.jpeg,.jbig2,.jb2,.PNG,.PDF,.JPG,.JPE
G,.JBIG2,.JB2,.eps]
(grfext)             \AppendGraphicsExtensions on input line 452.

(/usr/share/texlive/texmf-dist/tex/latex/latexconfig/epstopdf-sys.cfg
File: epstopdf-sys.cfg 2010/07/13 v1.3 Configuration of (r)epstopdf for TeX Liv
e
))
\AtBeginShipoutBox=\box31
Package hyperref Info: Link coloring OFF on input line 75.

(/usr/share/texlive/texmf-dist/tex/latex/hyperref/nameref.sty
Package: nameref 2012/10/27 v2.43 Cross-referencing by name of section

(/usr/share/texlive/texmf-dist/tex/generic/oberdiek/gettitlestring.sty
Package: gettitlestring 2010/12/03 v1.4 Cleanup title references (HO)
)
\c@section@level=\count125
)
LaTeX Info: Redefining \ref on input line 75.
LaTeX Info: Redefining \pageref on input line 75.
LaTeX Info: Redefining \nameref on input line 75.

(./ba.out) (./ba.out)
\@outlinefile=\write4
\openout4 = `ba.out'.

Package caption Info: Begin \AtBeginDocument code.
Package caption Info: End \AtBeginDocument code.

(/usr/share/texlive/texmf-dist/tex/latex/ucs/data/uni-0.def
File: uni-0.def 2013/05/13 UCS: Unicode data U+0000..U+00FF
)
<bilder/HHU_Logo.pdf, id=112, 809.0225pt x 467.7475pt>
File: bilder/HHU_Logo.pdf Graphic file (type pdf)

<use bilder/HHU_Logo.pdf>
Package pdftex.def Info: bilder/HHU_Logo.pdf used on input line 122.
(pdftex.def)             Requested size: 130.0pt x 75.15515pt.
LaTeX Font Info:    Font shape `T1/ppl/bx/n' in size <10.95> not available
(Font)              Font shape `T1/ppl/b/n' tried instead on input line 128.
LaTeX Font Info:    Font shape `T1/ppl/bx/n' in size <20.74> not available
(Font)              Font shape `T1/ppl/b/n' tried instead on input line 128.
LaTeX Font Info:    Font shape `T1/ppl/bx/n' in size <14.4> not available
(Font)              Font shape `T1/ppl/b/n' tried instead on input line 140.
LaTeX Font Info:    Try loading font information for U+msa on input line 157.

(/usr/share/texlive/texmf-dist/tex/latex/amsfonts/umsa.fd
File: umsa.fd 2013/01/14 v3.01 AMS symbols A
)
LaTeX Font Info:    Try loading font information for U+msb on input line 157.

(/usr/share/texlive/texmf-dist/tex/latex/amsfonts/umsb.fd
File: umsb.fd 2013/01/14 v3.01 AMS symbols B
)
Package babel Info: Redefining ngerman shorthand "|
(babel)             in language  on input line 165.
Package babel Info: Redefining ngerman shorthand "~
(babel)             in language  on input line 165.
Package babel Info: Redefining ngerman shorthand "|
(babel)             in language  on input line 165.
Package babel Info: Redefining ngerman shorthand "~
(babel)             in language  on input line 165.
 [1

{/var/lib/texmf/fonts/map/pdftex/updmap/pdftex.map} <./bilder/HHU_Logo.pdf>]
Package babel Info: Redefining ngerman shorthand "|
(babel)             in language  on input line 173.
Package babel Info: Redefining ngerman shorthand "~
(babel)             in language  on input line 173.
Package babel Info: Redefining ngerman shorthand "|
(babel)             in language  on input line 173.
Package babel Info: Redefining ngerman shorthand "~
(babel)             in language  on input line 173.
pdfTeX warning (ext4): destination with the same identifier (name{page.1}) has 
been already used, duplicate ignored
<to be read again> 
                   \relax 
l.173 \end{titlepage}
                      [1

]
Package babel Info: Redefining ngerman shorthand "|
(babel)             in language  on input line 198.
Package babel Info: Redefining ngerman shorthand "~
(babel)             in language  on input line 198.
Package babel Info: Redefining ngerman shorthand "|
(babel)             in language  on input line 198.
Package babel Info: Redefining ngerman shorthand "~
(babel)             in language  on input line 198.
pdfTeX warning (ext4): destination with the same identifier (name{page.1}) has 
been already used, duplicate ignored
<to be read again> 
                   \relax 
l.198 \end{titlepage}
                      [1

]
Package babel Info: Redefining ngerman shorthand "|
(babel)             in language  on input line 205.
Package babel Info: Redefining ngerman shorthand "~
(babel)             in language  on input line 205.
Package babel Info: Redefining ngerman shorthand "|
(babel)             in language  on input line 205.
Package babel Info: Redefining ngerman shorthand "~
(babel)             in language  on input line 205.
pdfTeX warning (ext4): destination with the same identifier (name{page.1}) has 
been already used, duplicate ignored
<to be read again> 
                   \relax 
l.205 ~\end{titlepage}}{}
                          [1

] (./zusammenfassung.tex)
Package babel Info: Redefining ngerman shorthand "|
(babel)             in language  on input line 219.
Package babel Info: Redefining ngerman shorthand "~
(babel)             in language  on input line 219.
Package babel Info: Redefining ngerman shorthand "|
(babel)             in language  on input line 219.
Package babel Info: Redefining ngerman shorthand "~
(babel)             in language  on input line 219.
pdfTeX warning (ext4): destination with the same identifier (name{page.1}) has 
been already used, duplicate ignored
<to be read again> 
                   \relax 
l.219 \end{titlepage}
                      [1

]
Package babel Info: Redefining ngerman shorthand "|
(babel)             in language  on input line 225.
Package babel Info: Redefining ngerman shorthand "~
(babel)             in language  on input line 225.
Package babel Info: Redefining ngerman shorthand "|
(babel)             in language  on input line 225.
Package babel Info: Redefining ngerman shorthand "~
(babel)             in language  on input line 225.
pdfTeX warning (ext4): destination with the same identifier (name{page.1}) has 
been already used, duplicate ignored
<to be read again> 
                   \relax 
l.225 ...rpage\begin{titlepage}~\end{titlepage}}{}
                                                   [1

] (./ba.toc)
\tf@toc=\write5
\openout5 = `ba.toc'.

Package babel Info: Redefining ngerman shorthand "|
(babel)             in language  on input line 233.
Package babel Info: Redefining ngerman shorthand "~
(babel)             in language  on input line 233.
Package babel Info: Redefining ngerman shorthand "|
(babel)             in language  on input line 233.
Package babel Info: Redefining ngerman shorthand "~
(babel)             in language  on input line 233.
 [1

]
Package babel Info: Redefining ngerman shorthand "|
(babel)             in language  on input line 239.
Package babel Info: Redefining ngerman shorthand "~
(babel)             in language  on input line 239.
Package babel Info: Redefining ngerman shorthand "|
(babel)             in language  on input line 239.
Package babel Info: Redefining ngerman shorthand "~
(babel)             in language  on input line 239.
 [2


])
(./einleitung.tex
Package babel Info: Redefining ngerman shorthand "|
(babel)             in language  on input line 1.
Package babel Info: Redefining ngerman shorthand "~
(babel)             in language  on input line 1.
LaTeX Font Info:    Font shape `T1/ppl/bx/n' in size <12> not available
(Font)              Font shape `T1/ppl/b/n' tried instead on input line 3.
Package babel Info: Redefining ngerman shorthand "|
(babel)             in language  on input line 3.
Package babel Info: Redefining ngerman shorthand "~
(babel)             in language  on input line 3.
LaTeX Font Info:    Try loading font information for T1+pcr on input line 11.
 (/usr/share/texlive/texmf-dist/tex/latex/psnfss/t1pcr.fd
File: t1pcr.fd 2001/06/04 font definitions for T1/pcr.
)
<bilder/screenshot.png, id=198, 1927.2pt x 1084.05pt>
File: bilder/screenshot.png Graphic file (type png)

<use bilder/screenshot.png>
Package pdftex.def Info: bilder/screenshot.png used on input line 24.
(pdftex.def)             Requested size: 385.43318pt x 216.80615pt.


LaTeX Warning: `h' float specifier changed to `ht'.

Package babel Info: Redefining ngerman shorthand "|
(babel)             in language  on input line 29.
Package babel Info: Redefining ngerman shorthand "~
(babel)             in language  on input line 29.
Package babel Info: Redefining ngerman shorthand "|
(babel)             in language  on input line 38.
Package babel Info: Redefining ngerman shorthand "~
(babel)             in language  on input line 38.
Package babel Info: Redefining ngerman shorthand "|
(babel)             in language  on input line 38.
Package babel Info: Redefining ngerman shorthand "~
(babel)             in language  on input line 38.
pdfTeX warning (ext4): destination with the same identifier (name{page.1}) has 
been already used, duplicate ignored
<to be read again> 
                   \relax 
l.38 
      [1]) (./forschung.tex
Package babel Info: Redefining ngerman shorthand "|
(babel)             in language  on input line 1.
Package babel Info: Redefining ngerman shorthand "~
(babel)             in language  on input line 1.
Package babel Info: Redefining ngerman shorthand "|
(babel)             in language  on input line 7.
Package babel Info: Redefining ngerman shorthand "~
(babel)             in language  on input line 7.
Package babel Info: Redefining ngerman shorthand "|
(babel)             in language  on input line 12.
Package babel Info: Redefining ngerman shorthand "~
(babel)             in language  on input line 12.
Package babel Info: Redefining ngerman shorthand "|
(babel)             in language  on input line 12.
Package babel Info: Redefining ngerman shorthand "~
(babel)             in language  on input line 12.
 [2 <./bilder/screenshot.png>]
Package babel Info: Redefining ngerman shorthand "|
(babel)             in language  on input line 44.
Package babel Info: Redefining ngerman shorthand "~
(babel)             in language  on input line 44.
Package babel Info: Redefining ngerman shorthand "|
(babel)             in language  on input line 44.
Package babel Info: Redefining ngerman shorthand "~
(babel)             in language  on input line 44.
 [3]
<bilder/filter.png, id=241, 1003.75pt x 602.25pt>
File: bilder/filter.png Graphic file (type png)
 <use bilder/filter.png>
Package pdftex.def Info: bilder/filter.png used on input line 62.
(pdftex.def)             Requested size: 351.31776pt x 210.79065pt.


LaTeX Warning: `h' float specifier changed to `ht'.

Package babel Info: Redefining ngerman shorthand "|
(babel)             in language  on input line 83.
Package babel Info: Redefining ngerman shorthand "~
(babel)             in language  on input line 83.
Package babel Info: Redefining ngerman shorthand "|
(babel)             in language  on input line 83.
Package babel Info: Redefining ngerman shorthand "~
(babel)             in language  on input line 83.
[4]
Package babel Info: Redefining ngerman shorthand "|
(babel)             in language  on input line 100.
Package babel Info: Redefining ngerman shorthand "~
(babel)             in language  on input line 100.
Package babel Info: Redefining ngerman shorthand "|
(babel)             in language  on input line 100.
Package babel Info: Redefining ngerman shorthand "~
(babel)             in language  on input line 100.
 [5 <./bilder/filter.png>] <bilder/haar.png, id=274, 602.25pt x 401.5pt>
File: bilder/haar.png Graphic file (type png)

<use bilder/haar.png>
Package pdftex.def Info: bilder/haar.png used on input line 106.
(pdftex.def)             Requested size: 150.56212pt x 100.37474pt.
Package babel Info: Redefining ngerman shorthand "|
(babel)             in language  on input line 126.
Package babel Info: Redefining ngerman shorthand "~
(babel)             in language  on input line 126.
Package babel Info: Redefining ngerman shorthand "|
(babel)             in language  on input line 126.
Package babel Info: Redefining ngerman shorthand "~
(babel)             in language  on input line 126.
 [6 <./bilder/haar.png (PNG copy)>]
<bilder/scaleSpace.png, id=293, 943.525pt x 138.5175pt>
File: bilder/scaleSpace.png Graphic file (type png)

<use bilder/scaleSpace.png>
Package pdftex.def Info: bilder/scaleSpace.png used on input line 139.
(pdftex.def)             Requested size: 471.76134pt x 69.25858pt.

Overfull \hbox (44.97pt too wide) in paragraph at lines 139--140
 [][] 
 []

Package babel Info: Redefining ngerman shorthand "|
(babel)             in language  on input line 145.
Package babel Info: Redefining ngerman shorthand "~
(babel)             in language  on input line 145.
LaTeX Font Info:    Try loading font information for OMS+ppl on input line 153.

(/usr/share/texlive/texmf-dist/tex/latex/psnfss/omsppl.fd
File: omsppl.fd 
)
LaTeX Font Info:    Font shape `OMS/ppl/m/n' in size <10.95> not available
(Font)              Font shape `OMS/cmsy/m/n' tried instead on input line 153.

Overfull \hbox (54.17816pt too wide) in paragraph at lines 162--173
 [][] 
 []

Package babel Info: Redefining ngerman shorthand "|
(babel)             in language  on input line 183.
Package babel Info: Redefining ngerman shorthand "~
(babel)             in language  on input line 183.
Package babel Info: Redefining ngerman shorthand "|
(babel)             in language  on input line 183.
Package babel Info: Redefining ngerman shorthand "~
(babel)             in language  on input line 183.
[7 <./bilder/scaleSpace.png (PNG copy)>]
<bilder/featureSample.png, id=302, 566.115pt x 138.5175pt>
File: bilder/featureSample.png Graphic file (type png)

<use bilder/featureSample.png>
Package pdftex.def Info: bilder/featureSample.png used on input line 189.
(pdftex.def)             Requested size: 452.89261pt x 110.81413pt.

Overfull \hbox (26.10127pt too wide) in paragraph at lines 189--190
 [][] 
 []

Package babel Info: Redefining ngerman shorthand "|
(babel)             in language  on input line 204.
Package babel Info: Redefining ngerman shorthand "~
(babel)             in language  on input line 204.
Package babel Info: Redefining ngerman shorthand "|
(babel)             in language  on input line 204.
Package babel Info: Redefining ngerman shorthand "~
(babel)             in language  on input line 204.
[8 <./bilder/featureSample.png (PNG copy)>]
<bilder/matchingSample.png, id=312, 377.41pt x 138.5175pt>
File: bilder/matchingSample.png Graphic file (type png)

<use bilder/matchingSample.png>
Package pdftex.def Info: bilder/matchingSample.png used on input line 211.
(pdftex.def)             Requested size: 301.9284pt x 110.81413pt.
Package babel Info: Redefining ngerman shorthand "|
(babel)             in language  on input line 230.
Package babel Info: Redefining ngerman shorthand "~
(babel)             in language  on input line 230.

<bilder/knn.png, id=317, 370.38374pt x 251.94125pt>
File: bilder/knn.png Graphic file (type png)
 <use bilder/knn.png>
Package pdftex.def Info: bilder/knn.png used on input line 241.
(pdftex.def)             Requested size: 166.67113pt x 113.37251pt.
Package babel Info: Redefining ngerman shorthand "|
(babel)             in language  on input line 244.
Package babel Info: Redefining ngerman shorthand "~
(babel)             in language  on input line 244.
Package babel Info: Redefining ngerman shorthand "|
(babel)             in language  on input line 244.
Package babel Info: Redefining ngerman shorthand "~
(babel)             in language  on input line 244.

[9 <./bilder/matchingSample.png (PNG copy)>]
Package babel Info: Redefining ngerman shorthand "|
(babel)             in language  on input line 260.
Package babel Info: Redefining ngerman shorthand "~
(babel)             in language  on input line 260.
Package babel Info: Redefining ngerman shorthand "|
(babel)             in language  on input line 260.
Package babel Info: Redefining ngerman shorthand "~
(babel)             in language  on input line 260.
 [10 <./bilder/knn.png>]
\openout2 = `sift.aux'.


(./sift.tex
Package babel Info: Redefining ngerman shorthand "|
(babel)             in language  on input line 1.
Package babel Info: Redefining ngerman shorthand "~
(babel)             in language  on input line 1.
 <bilder/firstDiv.png, id=347, 754.82pt x 138.5175pt>
File: bilder/firstDiv.png Graphic file (type png)

<use bilder/firstDiv.png>
Package pdftex.def Info: bilder/firstDiv.png used on input line 37.
(pdftex.def)             Requested size: 415.1523pt x 76.18484pt.


LaTeX Warning: `h' float specifier changed to `ht'.

Package babel Info: Redefining ngerman shorthand "|
(babel)             in language  on input line 47.
Package babel Info: Redefining ngerman shorthand "~
(babel)             in language  on input line 47.
Package babel Info: Redefining ngerman shorthand "|
(babel)             in language  on input line 47.
Package babel Info: Redefining ngerman shorthand "~
(babel)             in language  on input line 47.
[11

] <bilder/sift-dog-idea.jpg, id=365, 423.83344pt x 302.63063pt>
File: bilder/sift-dog-idea.jpg Graphic file (type jpg)

<use bilder/sift-dog-idea.jpg>
Package pdftex.def Info: bilder/sift-dog-idea.jpg used on input line 50.
(pdftex.def)             Requested size: 339.06718pt x 242.10483pt.

<bilder/sift_extrema.png, id=368, 376.40625pt x 326.21875pt>
File: bilder/sift_extrema.png Graphic file (type png)

<use bilder/sift_extrema.png>
Package pdftex.def Info: bilder/sift_extrema.png used on input line 61.
(pdftex.def)             Requested size: 150.55983pt x 130.48518pt.


LaTeX Warning: `h' float specifier changed to `ht'.

Package babel Info: Redefining ngerman shorthand "|
(babel)             in language  on input line 70.
Package babel Info: Redefining ngerman shorthand "~
(babel)             in language  on input line 70.
Package babel Info: Redefining ngerman shorthand "|
(babel)             in language  on input line 70.
Package babel Info: Redefining ngerman shorthand "~
(babel)             in language  on input line 70.
[12 <./bilder/firstDiv.png (PNG copy)> <./bilder/sift-dog-idea.jpg>]
Package babel Info: Redefining ngerman shorthand "|
(babel)             in language  on input line 96.
Package babel Info: Redefining ngerman shorthand "~
(babel)             in language  on input line 96.
Package babel Info: Redefining ngerman shorthand "|
(babel)             in language  on input line 96.
Package babel Info: Redefining ngerman shorthand "~
(babel)             in language  on input line 96.
 [13 <./bilder/sift_extrema.png>] <bilder/sift_pic.png, id=386, 401.5pt x 187.1
9937pt>
File: bilder/sift_pic.png Graphic file (type png)

<use bilder/sift_pic.png>
Package pdftex.def Info: bilder/sift_pic.png used on input line 110.
(pdftex.def)             Requested size: 321.20042pt x 149.75969pt.
)
Package babel Info: Redefining ngerman shorthand "|
(babel)             in language  on input line 260.
Package babel Info: Redefining ngerman shorthand "~
(babel)             in language  on input line 260.
Package babel Info: Redefining ngerman shorthand "|
(babel)             in language  on input line 260.
Package babel Info: Redefining ngerman shorthand "~
(babel)             in language  on input line 260.
 [14 <./bilder/sift_pic.png>]
\openout2 = `surf.aux'.

 (./surf.tex
Package babel Info: Redefining ngerman shorthand "|
(babel)             in language  on input line 1.
Package babel Info: Redefining ngerman shorthand "~
(babel)             in language  on input line 1.

Underfull \hbox (badness 10000) in paragraph at lines 15--17
[]\T1/ppl/m/n/10.95 Nun kann die Sum-me der Pi-xel-wer-te ei-nes Reck-tecks $\O
ML/cmm/m/it/10.95 R \OT1/cmr/m/n/10.95 =
 []

Package babel Info: Redefining ngerman shorthand "|
(babel)             in language  on input line 49.
Package babel Info: Redefining ngerman shorthand "~
(babel)             in language  on input line 49.
Package babel Info: Redefining ngerman shorthand "|
(babel)             in language  on input line 49.
Package babel Info: Redefining ngerman shorthand "~
(babel)             in language  on input line 49.
[15


] <bilder/surfBoxFilter.png, id=406, 863.225pt x 150.5625pt>
File: bilder/surfBoxFilter.png Graphic file (type png)

<use bilder/surfBoxFilter.png>
Package pdftex.def Info: bilder/surfBoxFilter.png used on input line 53.
(pdftex.def)             Requested size: 345.28389pt x 60.22392pt.

<bilder/surfFeature.png, id=412, 943.525pt x 391.4625pt>
File: bilder/surfFeature.png Graphic file (type png)

<use bilder/surfFeature.png>
Package pdftex.def Info: bilder/surfFeature.png used on input line 77.
(pdftex.def)             Requested size: 377.4033pt x 156.58221pt.


LaTeX Warning: `h' float specifier changed to `ht'.

)
Package babel Info: Redefining ngerman shorthand "|
(babel)             in language  on input line 262.
Package babel Info: Redefining ngerman shorthand "~
(babel)             in language  on input line 262.
Package babel Info: Redefining ngerman shorthand "|
(babel)             in language  on input line 262.
Package babel Info: Redefining ngerman shorthand "~
(babel)             in language  on input line 262.
 [16 <./bilder/surfBoxFilter.png>]
Package babel Info: Redefining ngerman shorthand "|
(babel)             in language  on input line 262.
Package babel Info: Redefining ngerman shorthand "~
(babel)             in language  on input line 262.
Package babel Info: Redefining ngerman shorthand "|
(babel)             in language  on input line 262.
Package babel Info: Redefining ngerman shorthand "~
(babel)             in language  on input line 262.
 [17 <./bilder/surfFeature.png>]
\openout2 = `orb.aux'.

 (./orb.tex
Package babel Info: Redefining ngerman shorthand "|
(babel)             in language  on input line 1.
Package babel Info: Redefining ngerman shorthand "~
(babel)             in language  on input line 1.
LaTeX Font Info:    Font shape `T1/ppl/bx/n' in size <9> not available
(Font)              Font shape `T1/ppl/b/n' tried instead on input line 2.


LaTeX Warning: Citation `' on page 18 undefined on input line 2.


LaTeX Warning: Citation `' on page 18 undefined on input line 6.

<bilder/centroid.png, id=438, 250.9375pt x 250.9375pt>
File: bilder/centroid.png Graphic file (type png)

<use bilder/centroid.png>
Package pdftex.def Info: bilder/centroid.png used on input line 41.
(pdftex.def)             Requested size: 163.10742pt x 163.10742pt.
Package babel Info: Redefining ngerman shorthand "|
(babel)             in language  on input line 44.
Package babel Info: Redefining ngerman shorthand "~
(babel)             in language  on input line 44.
Package babel Info: Redefining ngerman shorthand "|
(babel)             in language  on input line 44.
Package babel Info: Redefining ngerman shorthand "~
(babel)             in language  on input line 44.
 [18


]
Package babel Info: Redefining ngerman shorthand "|
(babel)             in language  on input line 87.
Package babel Info: Redefining ngerman shorthand "~
(babel)             in language  on input line 87.
Package babel Info: Redefining ngerman shorthand "|
(babel)             in language  on input line 87.
Package babel Info: Redefining ngerman shorthand "~
(babel)             in language  on input line 87.
 [19 <./bilder/centroid.png (PNG copy)>]
<bilder/orbPairs.png, id=458, 561.09625pt x 287.0725pt>
File: bilder/orbPairs.png Graphic file (type png)

<use bilder/orbPairs.png>
Package pdftex.def Info: bilder/orbPairs.png used on input line 113.
(pdftex.def)             Requested size: 280.54744pt x 143.53589pt.
Package babel Info: Redefining ngerman shorthand "|
(babel)             in language  on input line 125.
Package babel Info: Redefining ngerman shorthand "~
(babel)             in language  on input line 125.
Package babel Info: Redefining ngerman shorthand "|
(babel)             in language  on input line 125.
Package babel Info: Redefining ngerman shorthand "~
(babel)             in language  on input line 125.
 [20 <./bilder/orbPairs.png>])
Package babel Info: Redefining ngerman shorthand "|
(babel)             in language  on input line 264.
Package babel Info: Redefining ngerman shorthand "~
(babel)             in language  on input line 264.
Package babel Info: Redefining ngerman shorthand "|
(babel)             in language  on input line 264.
Package babel Info: Redefining ngerman shorthand "~
(babel)             in language  on input line 264.
 [21]) (./anwendung.tex
Package babel Info: Redefining ngerman shorthand "|
(babel)             in language  on input line 1.
Package babel Info: Redefining ngerman shorthand "~
(babel)             in language  on input line 1.
Package babel Info: Redefining ngerman shorthand "|
(babel)             in language  on input line 10.
Package babel Info: Redefining ngerman shorthand "~
(babel)             in language  on input line 10.

<bilder/sampleCard.png, id=469, 903.375pt x 312.16624pt>
File: bilder/sampleCard.png Graphic file (type png)

<use bilder/sampleCard.png>
Package pdftex.def Info: bilder/sampleCard.png used on input line 14.
(pdftex.def)             Requested size: 451.6864pt x 156.08273pt.

Overfull \hbox (24.89507pt too wide) in paragraph at lines 14--15
 [][] 
 []

Package babel Info: Redefining ngerman shorthand "|
(babel)             in language  on input line 28.
Package babel Info: Redefining ngerman shorthand "~
(babel)             in language  on input line 28.
Package babel Info: Redefining ngerman shorthand "|
(babel)             in language  on input line 28.
Package babel Info: Redefining ngerman shorthand "~
(babel)             in language  on input line 28.
[22

 <./bilder/sampleCard.png>]
Package babel Info: Redefining ngerman shorthand "|
(babel)             in language  on input line 38.
Package babel Info: Redefining ngerman shorthand "~
(babel)             in language  on input line 38.

Underfull \hbox (badness 10000) in paragraph at lines 49--50
\T1/ppl/m/n/10.95 Die Kar-ten-bil-der stam-men von der of-fi-zi-el-len Sei-te v
on Wi-zards of
 []


Underfull \hbox (badness 10000) in paragraph at lines 49--50
\T1/ppl/m/n/10.95 the Coast. Je-de Kar-te be-sitzt ei-ne ID, mit wel-cher sich 
das Bild un-ter
 []


Underfull \hbox (badness 10000) in paragraph at lines 49--50
\T1/ppl/m/n/10.95 http://gatherer.wizards.com/Handlers/Image.ashx?multiverseid=
ID&type=card
 []

Package babel Info: Redefining ngerman shorthand "|
(babel)             in language  on input line 57.
Package babel Info: Redefining ngerman shorthand "~
(babel)             in language  on input line 57.
Package babel Info: Redefining ngerman shorthand "|
(babel)             in language  on input line 57.
Package babel Info: Redefining ngerman shorthand "~
(babel)             in language  on input line 57.
[23]
Package babel Info: Redefining ngerman shorthand "|
(babel)             in language  on input line 61.
Package babel Info: Redefining ngerman shorthand "~
(babel)             in language  on input line 61.
 <bilder/testSet.png, id=487, 341.275pt x 120.45pt>
File: bilder/testSet.png Graphic file (type png)

<use bilder/testSet.png>
Package pdftex.def Info: bilder/testSet.png used on input line 87.
(pdftex.def)             Requested size: 341.27415pt x 120.44969pt.


LaTeX Warning: `h' float specifier changed to `ht'.


LaTeX Warning: Command \textdegree invalid in math mode on input line 94.


LaTeX Warning: Command \textdegree invalid in math mode on input line 94.

Package babel Info: Redefining ngerman shorthand "|
(babel)             in language  on input line 96.
Package babel Info: Redefining ngerman shorthand "~
(babel)             in language  on input line 96.
Package babel Info: Redefining ngerman shorthand "|
(babel)             in language  on input line 96.
Package babel Info: Redefining ngerman shorthand "~
(babel)             in language  on input line 96.
[24]
Package babel Info: Redefining ngerman shorthand "|
(babel)             in language  on input line 110.
Package babel Info: Redefining ngerman shorthand "~
(babel)             in language  on input line 110.
Package babel Info: Redefining ngerman shorthand "|
(babel)             in language  on input line 121.
Package babel Info: Redefining ngerman shorthand "~
(babel)             in language  on input line 121.
Package babel Info: Redefining ngerman shorthand "|
(babel)             in language  on input line 121.
Package babel Info: Redefining ngerman shorthand "~
(babel)             in language  on input line 121.
 [25 <./bilder/testSet.png>]
Package babel Info: Redefining ngerman shorthand "|
(babel)             in language  on input line 150.
Package babel Info: Redefining ngerman shorthand "~
(babel)             in language  on input line 150.
Package babel Info: Redefining ngerman shorthand "|
(babel)             in language  on input line 158.
Package babel Info: Redefining ngerman shorthand "~
(babel)             in language  on input line 158.
Package babel Info: Redefining ngerman shorthand "|
(babel)             in language  on input line 158.
Package babel Info: Redefining ngerman shorthand "~
(babel)             in language  on input line 158.
 [26]) (./auswertung.tex
Package babel Info: Redefining ngerman shorthand "|
(babel)             in language  on input line 1.
Package babel Info: Redefining ngerman shorthand "~
(babel)             in language  on input line 1.
Package babel Info: Redefining ngerman shorthand "|
(babel)             in language  on input line 4.
Package babel Info: Redefining ngerman shorthand "~
(babel)             in language  on input line 4.

<bilder/confidenceSift.png, id=523, 381.425pt x 256.96pt>
File: bilder/confidenceSift.png Graphic file (type png)

<use bilder/confidenceSift.png>
Package pdftex.def Info: bilder/confidenceSift.png used on input line 35.
(pdftex.def)             Requested size: 170.71718pt x 115.0075pt.

<bilder/confidenceSurf.png, id=524, 381.425pt x 256.96pt>
File: bilder/confidenceSurf.png Graphic file (type png)

<use bilder/confidenceSurf.png>
Package pdftex.def Info: bilder/confidenceSurf.png used on input line 41.
(pdftex.def)             Requested size: 170.71718pt x 115.0075pt.

<bilder/confidenceOrb.png, id=525, 381.425pt x 256.96pt>
File: bilder/confidenceOrb.png Graphic file (type png)

<use bilder/confidenceOrb.png>
Package pdftex.def Info: bilder/confidenceOrb.png used on input line 47.
(pdftex.def)             Requested size: 170.71718pt x 115.0075pt.

Underfull \hbox (badness 10000) in paragraph at lines 33--51
[]$[]$$[]$
 []

Package babel Info: Redefining ngerman shorthand "|
(babel)             in language  on input line 60.
Package babel Info: Redefining ngerman shorthand "~
(babel)             in language  on input line 60.
Package babel Info: Redefining ngerman shorthand "|
(babel)             in language  on input line 60.
Package babel Info: Redefining ngerman shorthand "~
(babel)             in language  on input line 60.
[27]
Package babel Info: Redefining ngerman shorthand "|
(babel)             in language  on input line 77.
Package babel Info: Redefining ngerman shorthand "~
(babel)             in language  on input line 77.
Package babel Info: Redefining ngerman shorthand "|
(babel)             in language  on input line 86.
Package babel Info: Redefining ngerman shorthand "~
(babel)             in language  on input line 86.
Package babel Info: Redefining ngerman shorthand "|
(babel)             in language  on input line 86.
Package babel Info: Redefining ngerman shorthand "~
(babel)             in language  on input line 86.
 [28 <./bilder/confidenceSift.png> <./bilder/confidenceSurf.png> <./bilder/conf
idenceOrb.png>] <bilder/keypointsRot.png, id=545, 385.44pt x 128.48pt>
File: bilder/keypointsRot.png Graphic file (type png)

<use bilder/keypointsRot.png>
Package pdftex.def Info: bilder/keypointsRot.png used on input line 89.
(pdftex.def)             Requested size: 308.35242pt x 102.78412pt.
) (./verbesserung.tex
Package babel Info: Redefining ngerman shorthand "|
(babel)             in language  on input line 1.
Package babel Info: Redefining ngerman shorthand "~
(babel)             in language  on input line 1.
Package babel Info: Redefining ngerman shorthand "|
(babel)             in language  on input line 8.
Package babel Info: Redefining ngerman shorthand "~
(babel)             in language  on input line 8.
Package babel Info: Redefining ngerman shorthand "|
(babel)             in language  on input line 8.
Package babel Info: Redefining ngerman shorthand "~
(babel)             in language  on input line 8.
 [29 <./bilder/keypointsRot.png>]
\openout2 = `kartenFinden.aux'.

 (./kartenFinden.tex
Package babel Info: Redefining ngerman shorthand "|
(babel)             in language  on input line 1.
Package babel Info: Redefining ngerman shorthand "~
(babel)             in language  on input line 1.

<bilder/findCardsSample.png, id=559, 1927.2pt x 1084.05pt>
File: bilder/findCardsSample.png Graphic file (type png)

<use bilder/findCardsSample.png>
Package pdftex.def Info: bilder/findCardsSample.png used on input line 13.
(pdftex.def)             Requested size: 192.7313pt x 108.41135pt.

<bilder/findCardsPreCut.png, id=562, 1204.5pt x 848.16875pt>
File: bilder/findCardsPreCut.png Graphic file (type png)

<use bilder/findCardsPreCut.png>
Package pdftex.def Info: bilder/findCardsPreCut.png used on input line 27.
(pdftex.def)             Requested size: 240.89574pt x 169.63074pt.


LaTeX Warning: `h' float specifier changed to `ht'.

<bilder/findCardsPre.png, id=564, 1035.87pt x 848.16875pt>
File: bilder/findCardsPre.png Graphic file (type png)

<use bilder/findCardsPre.png>
Package pdftex.def Info: bilder/findCardsPre.png used on input line 37.
(pdftex.def)             Requested size: 207.17032pt x 169.63074pt.


LaTeX Warning: `h' float specifier changed to `ht'.

Package babel Info: Redefining ngerman shorthand "|
(babel)             in language  on input line 48.
Package babel Info: Redefining ngerman shorthand "~
(babel)             in language  on input line 48.
Package babel Info: Redefining ngerman shorthand "|
(babel)             in language  on input line 48.
Package babel Info: Redefining ngerman shorthand "~
(babel)             in language  on input line 48.
[30

 <./bilder/findCardsSample.png>]
<bilder/findCardsContour.png, id=579, 1044.90375pt x 849.1725pt>
File: bilder/findCardsContour.png Graphic file (type png)

<use bilder/findCardsContour.png>
Package pdftex.def Info: bilder/findCardsContour.png used on input line 54.
(pdftex.def)             Requested size: 208.97705pt x 169.83148pt.


LaTeX Warning: `h' float specifier changed to `ht'.

Package babel Info: Redefining ngerman shorthand "|
(babel)             in language  on input line 64.
Package babel Info: Redefining ngerman shorthand "~
(babel)             in language  on input line 64.
Package babel Info: Redefining ngerman shorthand "|
(babel)             in language  on input line 64.
Package babel Info: Redefining ngerman shorthand "~
(babel)             in language  on input line 64.
[31 <./bilder/findCardsPreCut.png> <./bilder/findCardsPre.png (PNG copy)>]
<bilder/findCardsfinal.png, id=590, 1044.90375pt x 849.1725pt>
File: bilder/findCardsfinal.png Graphic file (type png)

<use bilder/findCardsfinal.png>
Package pdftex.def Info: bilder/findCardsfinal.png used on input line 69.
(pdftex.def)             Requested size: 208.97705pt x 169.83148pt.
Package babel Info: Redefining ngerman shorthand "|
(babel)             in language  on input line 75.
Package babel Info: Redefining ngerman shorthand "~
(babel)             in language  on input line 75.
Package babel Info: Redefining ngerman shorthand "|
(babel)             in language  on input line 84.
Package babel Info: Redefining ngerman shorthand "~
(babel)             in language  on input line 84.
Package babel Info: Redefining ngerman shorthand "|
(babel)             in language  on input line 84.
Package babel Info: Redefining ngerman shorthand "~
(babel)             in language  on input line 84.
 [32 <./bilder/findCardsContour.png (PNG copy)> <./bilder/findCardsfinal.png (P
NG copy)>]
Underfull \hbox (badness 2035) in paragraph at lines 85--86
[]\T1/ppl/m/n/10.95 Als Trai-nings-vi-deos wer-den die Vi-deos in der You-Tu-be
 Play-list []$\T1/pcr/m/n/10.95 https : / / www .
 []


Underfull \hbox (badness 10000) in paragraph at lines 85--86
\T1/pcr/m/n/10.95 youtube . com / playlist ? list = PLyUK7d88voIirGp0IbtppzOAuM
VC4ZVcW$[] \T1/ppl/m/n/10.95 ge-
 []

)
Package babel Info: Redefining ngerman shorthand "|
(babel)             in language  on input line 8.
Package babel Info: Redefining ngerman shorthand "~
(babel)             in language  on input line 8.
Package babel Info: Redefining ngerman shorthand "|
(babel)             in language  on input line 8.
Package babel Info: Redefining ngerman shorthand "~
(babel)             in language  on input line 8.
 [33]
Package babel Info: Redefining ngerman shorthand "|
(babel)             in language  on input line 11.
Package babel Info: Redefining ngerman shorthand "~
(babel)             in language  on input line 11.
) (./fazit.tex
Package babel Info: Redefining ngerman shorthand "|
(babel)             in language  on input line 1.
Package babel Info: Redefining ngerman shorthand "~
(babel)             in language  on input line 1.
Package babel Info: Redefining ngerman shorthand "|
(babel)             in language  on input line 9.
Package babel Info: Redefining ngerman shorthand "~
(babel)             in language  on input line 9.
Package babel Info: Redefining ngerman shorthand "|
(babel)             in language  on input line 9.
Package babel Info: Redefining ngerman shorthand "~
(babel)             in language  on input line 9.
 [34

])
Package babel Info: Redefining ngerman shorthand "|
(babel)             in language  on input line 80.
Package babel Info: Redefining ngerman shorthand "~
(babel)             in language  on input line 80.
Package babel Info: Redefining ngerman shorthand "|
(babel)             in language  on input line 80.
Package babel Info: Redefining ngerman shorthand "~
(babel)             in language  on input line 80.
 [35] (./ba.bbl
Package babel Info: Redefining ngerman shorthand "|
(babel)             in language  on input line 1.
Package babel Info: Redefining ngerman shorthand "~
(babel)             in language  on input line 1.

Underfull \hbox (badness 1173) in paragraph at lines 8--14
[]$\T1/pcr/m/n/10.95 http : / / dx . doi . org / 10 . 1080 / 00031305 . 1992 . 
10475879$[]\T1/ppl/m/n/10.95 . --  DOI
 []

(/usr/share/texlive/texmf-dist/tex/latex/ucs/data/uni-32.def
File: uni-32.def 2013/05/13 UCS: Unicode data U+2000..U+20FF
)
Underfull \hbox (badness 10000) in paragraph at lines 56--63
\T1/pcr/m/n/10.95 10 / magic-[]the-[]gathering-[]pop-[]culture-[]hit-[]where-[]
next ? CMP =
 []


Underfull \hbox (badness 10000) in paragraph at lines 71--75
[]\T1/ppl/m/it/10.95 Hasbro First Quar-ter 2016 Fi-nan-ci-al Re-sults Con-fe-
 []


Underfull \hbox (badness 10000) in paragraph at lines 71--75
\T1/ppl/m/it/10.95 rence Call Ma-na-ge-ment Re-marks\T1/ppl/m/n/10.95 .  []$\T1
/pcr/m/n/10.95 http : / / files .
 []


Underfull \hbox (badness 10000) in paragraph at lines 71--75
\T1/pcr/m/n/10.95 shareholder . com / downloads / HAS / 4483778445x0x886351 /
 []


Underfull \hbox (badness 10000) in paragraph at lines 71--75
\T1/pcr/m/n/10.95 9CC355D1-[]0642-[]415B-[]BB68-[]CC2B756A7E6E / Hasbro _ Q1 _ 
2016 _
 []


Underfull \hbox (badness 2495) in paragraph at lines 97--104
\T1/ppl/m/n/10.95 po-ints.  In: \T1/ppl/m/it/10.95 Int. J. Com-put. Vi-si-on \T
1/ppl/m/n/10.95 60 (2004), No-vem-ber, Nr. 2, 91--
 []

Package babel Info: Redefining ngerman shorthand "|
(babel)             in language  on input line 104.
Package babel Info: Redefining ngerman shorthand "~
(babel)             in language  on input line 104.
Package babel Info: Redefining ngerman shorthand "|
(babel)             in language  on input line 104.
Package babel Info: Redefining ngerman shorthand "~
(babel)             in language  on input line 104.
[36

])
Package babel Info: Redefining ngerman shorthand "|
(babel)             in language  on input line 89.
Package babel Info: Redefining ngerman shorthand "~
(babel)             in language  on input line 89.
Package babel Info: Redefining ngerman shorthand "|
(babel)             in language  on input line 89.
Package babel Info: Redefining ngerman shorthand "~
(babel)             in language  on input line 89.
 [37]
Package babel Info: Redefining ngerman shorthand "|
(babel)             in language  on input line 91.
Package babel Info: Redefining ngerman shorthand "~
(babel)             in language  on input line 91.
 (./ba.lof
Package babel Info: Redefining ngerman shorthand "|
(babel)             in language  on input line 17.
Package babel Info: Redefining ngerman shorthand "~
(babel)             in language  on input line 17.
Package babel Info: Redefining ngerman shorthand "|
(babel)             in language  on input line 17.
Package babel Info: Redefining ngerman shorthand "~
(babel)             in language  on input line 17.
 [38

])
\tf@lof=\write6
\openout6 = `ba.lof'.

Package babel Info: Redefining ngerman shorthand "|
(babel)             in language  on input line 93.
Package babel Info: Redefining ngerman shorthand "~
(babel)             in language  on input line 93.
 (./ba.lot
Underfull \hbox (badness 1297) in paragraph at lines 2--2
 [][] [][]\T1/ppl/m/n/10.95 bersicht hu-fig ver-wen-de-ter Merk-mals-de-tek-t
o-ren und Merk-mals-be- 
 []

)
\tf@lot=\write7
\openout7 = `ba.lot'.

Package atveryend Info: Empty hook `BeforeClearDocument' on input line 98.
Package babel Info: Redefining ngerman shorthand "|
(babel)             in language  on input line 98.
Package babel Info: Redefining ngerman shorthand "~
(babel)             in language  on input line 98.
Package babel Info: Redefining ngerman shorthand "|
(babel)             in language  on input line 98.
Package babel Info: Redefining ngerman shorthand "~
(babel)             in language  on input line 98.
 [39]
Package atveryend Info: Empty hook `AfterLastShipout' on input line 98.
 (./ba.aux (./sift.aux) (./surf.aux) (./orb.aux) (./kartenFinden.aux))
Package atveryend Info: Executing hook `AtVeryEndDocument' on input line 98.
Package atveryend Info: Executing hook `AtEndAfterFileList' on input line 98.
Package rerunfilecheck Info: File `ba.out' has not changed.
(rerunfilecheck)             Checksum: F9F677B567835BA54AA09BE980B8AD21;1723.


LaTeX Warning: There were undefined references.


LaTeX Warning: There were multiply-defined labels.

Package atveryend Info: Empty hook `AtVeryVeryEnd' on input line 98.
 ) 
Here is how much of TeX's memory you used:
 9679 strings out of 494860
 140612 string characters out of 6177602
 234997 words of memory out of 5000000
 12533 multiletter control sequences out of 15000+600000
 35160 words of font info for 73 fonts, out of 8000000 for 9000
 36 hyphenation exceptions out of 8191
 44i,9n,45p,633b,660s stack positions out of 5000i,500n,10000p,200000b,80000s
{/usr/share/texlive/texmf-dist/fonts/enc/dvips/base/8r.enc}</usr/share/texliv
e/texmf-dist/fonts/type1/public/amsfonts/cm/cmex10.pfb></usr/share/texlive/texm
f-dist/fonts/type1/public/amsfonts/cm/cmmi10.pfb></usr/share/texlive/texmf-dist
/fonts/type1/public/amsfonts/cm/cmmi6.pfb></usr/share/texlive/texmf-dist/fonts/
type1/public/amsfonts/cm/cmmi8.pfb></usr/share/texlive/texmf-dist/fonts/type1/p
ublic/amsfonts/cm/cmr10.pfb></usr/share/texlive/texmf-dist/fonts/type1/public/a
msfonts/cm/cmr6.pfb></usr/share/texlive/texmf-dist/fonts/type1/public/amsfonts/
cm/cmr8.pfb></usr/share/texlive/texmf-dist/fonts/type1/public/amsfonts/cm/cmsy1
0.pfb></usr/share/texlive/texmf-dist/fonts/type1/public/amsfonts/cm/cmsy8.pfb><
/usr/share/texlive/texmf-dist/fonts/type1/public/amsfonts/symbols/msbm10.pfb></
usr/share/texlive/texmf-dist/fonts/type1/urw/courier/ucrr8a.pfb></usr/share/tex
live/texmf-dist/fonts/type1/urw/palatino/uplb8a.pfb></usr/share/texlive/texmf-d
ist/fonts/type1/urw/palatino/uplr8a.pfb></usr/share/texlive/texmf-dist/fonts/ty
pe1/urw/palatino/uplr8a.pfb></usr/share/texlive/texmf-dist/fonts/type1/urw/pala
tino/uplri8a.pfb>
Output written on ba.pdf (47 pages, 6970357 bytes).
PDF statistics:
 832 PDF objects out of 1000 (max. 8388607)
 710 compressed objects within 8 object streams
 196 named destinations out of 1000 (max. 500000)
 352 words of extra memory for PDF output out of 10000 (max. 10000000)

