\BOOKMARK [1][-]{section.1}{Einleitung}{}% 1
\BOOKMARK [2][-]{subsection.1.1}{Motivation}{section.1}% 2
\BOOKMARK [2][-]{subsection.1.2}{Aufbau}{section.1}% 3
\BOOKMARK [1][-]{section.2}{Forschungsstand}{}% 4
\BOOKMARK [2][-]{subsection.2.1}{Digitale Bildverarbeitung}{section.2}% 5
\BOOKMARK [2][-]{subsection.2.2}{Bildmerkmale}{section.2}% 6
\BOOKMARK [2][-]{subsection.2.3}{Weitere Methoden}{section.2}% 7
\BOOKMARK [2][-]{subsection.2.4}{Scale-Invariant Feature Transform \(SIFT\)}{section.2}% 8
\BOOKMARK [2][-]{subsection.2.5}{Speeded Up Robust Features \(SURF\)}{section.2}% 9
\BOOKMARK [2][-]{subsection.2.6}{Oriented FAST and Rotated BRIEF \(ORB\)}{section.2}% 10
\BOOKMARK [1][-]{section.3}{Anwendung}{}% 11
\BOOKMARK [2][-]{subsection.3.1}{Aufbau einer Karte}{section.3}% 12
\BOOKMARK [2][-]{subsection.3.2}{Trainingsdatensatz}{section.3}% 13
\BOOKMARK [2][-]{subsection.3.3}{Testdatensatz}{section.3}% 14
\BOOKMARK [2][-]{subsection.3.4}{Klassifikator}{section.3}% 15
\BOOKMARK [2][-]{subsection.3.5}{Durchf\374hrung}{section.3}% 16
\BOOKMARK [1][-]{section.4}{Auswertung}{}% 17
\BOOKMARK [2][-]{subsection.4.1}{Statistische Auswertung}{section.4}% 18
\BOOKMARK [2][-]{subsection.4.2}{Bewertung der Ergebnisse}{section.4}% 19
\BOOKMARK [1][-]{section.5}{Erweiterung des Trainingsdatensatzes}{}% 20
\BOOKMARK [2][-]{subsection.5.1}{Karten Finden}{section.5}% 21
\BOOKMARK [2][-]{subsection.5.2}{Erweiterung des Trainingsdatensatzes}{section.5}% 22
\BOOKMARK [2][-]{subsection.5.3}{Auswertung}{section.5}% 23
\BOOKMARK [1][-]{section.6}{Fazit}{}% 24
\BOOKMARK [1][-]{section*.32}{Literatur}{}% 25
\BOOKMARK [1][-]{section*.33}{Abbildungsverzeichnis}{}% 26
\BOOKMARK [1][-]{section*.34}{Tabellenverzeichnis}{}% 27
